MPASM  5.37              CTSPERRORRECOVER.ASM   5-1-2011  9:24:55         PAGE  1


LOC  OBJECT CODE     LINE SOURCE TEXT
  VALUE

                      00001 ;projectX
                      00002 ;HEART BEAT MEASURING UNIT
                      00003 ;FIT_B10
                      00004 ;Sun 24 Apr 2011 08:37:52 PM IST
                      00005 ;Fri 29 Apr 2011 09:28:28 PM IST final edit
                      00006 ;orginally written by ruwan jayasinghe
                      00007 
                      00008 
Warning[205]: Found directive in column 1. (LIST)
                      00009 LIST P=16F877A
                      00010 #INCLUDE"P16F877A.INC"
                      00001         LIST
                      00002 ; P16F877A.INC  Standard Header File, Version 1.00    Microchip Technology, Inc.
                      00400         LIST
                      00011 
Warning[205]: Found directive in column 1. (__config)
2007   3F39           00012 __config  _CP_OFF & _WDT_OFF & _BODEN_OFF & _PWRTE_OFF & _XT_OSC & _LVP_OFF 
                      00013 
                      00014 ;######################################################################
                      00015 
                      00016 #define bitz            STATUS,Z
                      00017 #define bitc            STATUS,C
                      00018 #define interren        INTCON,T0IE             ;timer interrupt enable bit
                      00019 #define dataen          PORTB,0                 ;select instruction registry
                      00020 #define signalen        PORTB,1                 ;signal enable bit
                      00021 #define dataport        PORTD                   ;PORT used to send data
                      00022 #define bitbuzz         PORTB,2                 ;port bit of buzzer pwr
                      00023 
Warning[205]: Found directive in column 1. (cblock)
                      00024 cblock  0x20
  00000020            00025         finalmean,finalmeanf    ;0x20:used to save final result of
  00000022            00026         counth,countl   ;0x22:clock counter values
  00000024            00027         tcounth,tcountl ;0x24:clock counter values saved for further usage
  00000026            00028         meancount       ;0x26:8bit counter
  00000027            00029         tdatah,tdatal   ;0x27:a/d converted values
  00000029            00030         decerr          ;0x29:error count in high pulse check
  0000002A            00031         margin          ;0x2A:saves the median voltage
  0000002B            00032         m7,m6,m5,m4,m3,m2,m1,m0 ;0x2B:divide func t8:t7:t6/tcounth:tcountl=[m1.m0]
  00000033            00033         txchk,txchk1    ;0x33:counter
  00000035            00034         msgptr          ;0x35:data table reading pointer
  00000036            00035         var0,var1,var2,var3,var4,var5;0x36:
  0000003C            00036         lcdptr          ;0x3C:
  0000003D            00037         tempchar                ;0x3D:
  0000003E            00038         t0,t1,t2,t3,t4,t5,t6,t7,t8,t9;0x3E:
  00000048            00039         lowvolt,highvolt        ;0x48:
  0000004A            00040         TIME1,TIME2,TIME3,TIME4;0x4A:
Warning[205]: Found directive in column 1. (ENDC)
                      00041 endc
                      00042 
                      00043 ;######################################################################
                      00044 
                      00045 signal  MACRO
                      00046         BSF     signalen
MPASM  5.37              CTSPERRORRECOVER.ASM   5-1-2011  9:24:55         PAGE  2


LOC  OBJECT CODE     LINE SOURCE TEXT
  VALUE

                      00047         NOP
                      00048         BCF     signalen
                      00049         ENDM
                      00050 
                      00051 ;######################################################################
                      00052 
Warning[205]: Found directive in column 1. (ORG)
0000                  00053 ORG     0x0000
Warning[203]: Found opcode in column 1. (GOTO)
0000   28C6           00054 GOTO    main
Warning[205]: Found directive in column 1. (ORG)
0004                  00055 ORG     0x0004          ;interrupt
Warning[203]: Found opcode in column 1. (GOTO)
0004   28AD           00056 GOTO    interrupt
                      00057 
0005                  00058 LINEMSGTEMP:
0005   0082           00059         MOVWF   PCL
                      00060 
0006   3448 3445 3441 00061 msg0    DT      "HEART BEAT COUNT|"                     ;welcome message
       3452 3454 3420 
       3442 3445 3441 
       3454 3420 3443 
       344F 3455 344E 
       3454 347C 
0017   3465 3472 3472 00062 msg1    DT      "error in serial_  transmitting|"
       346F 3472 3420 
       3469 346E 3420 
       3473 3465 3472 
       3469 3461 346C 
       345F 3420 3420 
       3474 3472 3461 
       346E 3473 346D 
       3469 3474 3474 
       3469 346E 3467 
       347C 
0036   3420 3420 3450 00063 msg2    DT      "  Please wait_  few seconds|"          ;wait for sampling heart beat
       346C 3465 3461 
       3473 3465 3420 
       3477 3461 3469 
       3474 345F 3420 
       3420 3466 3465 
       3477 3420 3473 
       3465 3463 346F 
       346E 3464 3473 
       347C 
0052   3448 3465 3461 00064 msg3    DT      "Heart beat rate:_  %d.%f bpm|"         ;heart beat rate display
       3472 3474 3420 
       3462 3465 3461 
       3474 3420 3472 
       3461 3474 3465 
       343A 345F 3420 
       3420 3425 3464 
       342E 3425 3466 
MPASM  5.37              CTSPERRORRECOVER.ASM   5-1-2011  9:24:55         PAGE  3


LOC  OBJECT CODE     LINE SOURCE TEXT
  VALUE

       3420 3462 3470 
       346D 347C 
006F   3465 3472 3472 00065 msg5    DT      "error detecting_heart beat pulse|"
       346F 3472 3420 
       3464 3465 3474 
       3465 3463 3474 
       3469 346E 3467 
       345F 3468 3465 
       3461 3472 3474 
       3420 3462 3465 
       3461 3474 3420 
       3470 3475 346C 
       3473 3465 347C 
0090   3420 3420 3463 00066 msg6    DT      "  connected to_  serial port|"
       346F 346E 346E 
       3465 3463 3474 
       3465 3464 3420 
       3474 346F 345F 
       3420 3420 3473 
       3465 3472 3469 
       3461 346C 3420 
       3470 346F 3472 
       3474 347C 
                      00067 
                      00068 ;######################################################################
                      00069 
00AD                  00070 interrupt:
Warning[205]: Found directive in column 1. (BANKSEL)
00AD   1283 1303      00071 BANKSEL INTCON
Warning[203]: Found opcode in column 1. (BCF)
00AF   110B           00072 BCF     INTCON,T0IF
Warning[205]: Found directive in column 1. (BANKSEL)
00B0   1283 1303      00073 BANKSEL INTCON
Warning[203]: Found opcode in column 1. (BCF)
00B2   128B           00074 BCF     interren
Warning[205]: Found directive in column 1. (BANKSEL)
00B3   1283 1303      00075 BANKSEL ADRESH          ;adget
Warning[203]: Found opcode in column 1. (MOVF)
00B5   081E           00076 MOVF    ADRESH,W
Warning[205]: Found directive in column 1. (BANKSEL)
00B6   1283 1303      00077 BANKSEL tdatah
Warning[203]: Found opcode in column 1. (MOVWF)
00B8   00A7           00078 MOVWF   tdatah
Warning[205]: Found directive in column 1. (BANKSEL)
00B9   1683 1303      00079 BANKSEL ADRESL
Warning[203]: Found opcode in column 1. (MOVF)
Message[302]: Register in operand not in bank 0.  Ensure that bank bits are correct.
00BB   081E           00080 MOVF    ADRESL,W
Warning[205]: Found directive in column 1. (BANKSEL)
00BC   1283 1303      00081 BANKSEL tdatal
Warning[203]: Found opcode in column 1. (MOVWF)
00BE   00A8           00082 MOVWF   tdatal
Warning[205]: Found directive in column 1. (BANKSEL)
MPASM  5.37              CTSPERRORRECOVER.ASM   5-1-2011  9:24:55         PAGE  4


LOC  OBJECT CODE     LINE SOURCE TEXT
  VALUE

00BF   1283 1303      00083 BANKSEL ADCON0          ;adset  
Warning[203]: Found opcode in column 1. (BSF)
00C1   151F           00084 BSF     ADCON0,GO       ;godone bit set here
Warning[203]: Found opcode in column 1. (INCFSZ)
00C2   0FA3           00085 INCFSZ  countl,F
Warning[203]: Found opcode in column 1. (RETFIE)
00C3   0009           00086 RETFIE
Warning[203]: Found opcode in column 1. (INCF)
00C4   0AA2           00087 INCF    counth,F
Warning[203]: Found opcode in column 1. (RETFIE)
00C5   0009           00088 RETFIE
                      00089 
                      00090 ;######################################################################
                      00091 
00C6                  00092 main:
00C6   1683 1303      00093         BANKSEL TRISA
Message[302]: Register in operand not in bank 0.  Ensure that bank bits are correct.
00C8   1485           00094         BSF     TRISA,1
Message[302]: Register in operand not in bank 0.  Ensure that bank bits are correct.
00C9   0186           00095         CLRF    TRISB
Message[302]: Register in operand not in bank 0.  Ensure that bank bits are correct.
00CA   0188           00096         CLRF    TRISD
00CB   1283 1303      00097         BANKSEL PORTB
00CD   0186           00098         CLRF    PORTB
00CE   0188           00099         CLRF    PORTD
00CF   1683 1303      00100         BANKSEL TRISC           ;configure pins for serial transmitting
Message[302]: Register in operand not in bank 0.  Ensure that bank bits are correct.
00D1   1307           00101         BCF     TRISC,6         ;c6=0 as output
Message[302]: Register in operand not in bank 0.  Ensure that bank bits are correct.
00D2   1787           00102         BSF     TRISC,7         ;c7=1 as input
                      00103         
00D3                  00104 timerinit:
00D3   1283 1303      00105         BANKSEL INTCON
00D5   018B           00106         CLRF    INTCON
00D6   178B           00107         BSF     INTCON,GIE
00D7   1683 1303      00108         BANKSEL OPTION_REG      
00D9   30C8           00109         MOVLW   0xC8
Message[302]: Register in operand not in bank 0.  Ensure that bank bits are correct.
00DA   0081           00110         MOVWF   OPTION_REG
                      00111         
00DB                  00112 adinit:
00DB   1683 1303      00113         BANKSEL ADCON1
00DD   300E           00114         MOVLW   0x0E
Message[302]: Register in operand not in bank 0.  Ensure that bank bits are correct.
00DE   009F           00115         MOVWF   ADCON1
00DF   1283 1303      00116         BANKSEL ADCON0
00E1   3041           00117         MOVLW   0x41    ;godone bit not set here
00E2   009F           00118         MOVWF   ADCON0
                      00119                 
00E3                  00120 lcdinit:
00E3   2291           00121         CALL    delay100ms
00E4   3030           00122         MOVLW   0x0030  ;setting function set
00E5   227E           00123         CALL    cmd
MPASM  5.37              CTSPERRORRECOVER.ASM   5-1-2011  9:24:55         PAGE  5


LOC  OBJECT CODE     LINE SOURCE TEXT
  VALUE

00E6   3030           00124         MOVLW   0x0030  ;setting function set
00E7   227E           00125         CALL    cmd
00E8   3030           00126         MOVLW   0x0030  ;setting function set
00E9   227E           00127         CALL    cmd
00EA   3038           00128         MOVLW   0x0038  ;setting function set
00EB   227E           00129         CALL    cmd
00EC   300C           00130         MOVLW   0x000C  ;display ON/OFF control[1,display on,curser off,blinck off]
00ED   227E           00131         CALL    cmd
00EE   3006           00132         MOVLW   0x0006  ;entry mode set[1,increment on,display shift off]
00EF   227E           00133         CALL    cmd
00F0   3001           00134         MOVLW   0x0001  ;clear display
00F1   227E           00135         CALL    cmd
                      00136 
00F2                  00137 usartinit:
00F2   1283 1303      00138         BANKSEL RCSTA
00F4   1798           00139         BSF     RCSTA,SPEN
00F5   1683 1303      00140         BANKSEL TXSTA
Message[302]: Register in operand not in bank 0.  Ensure that bank bits are correct.
00F7   1698           00141         BSF     TXSTA,TXEN
Message[302]: Register in operand not in bank 0.  Ensure that bank bits are correct.
00F8   1518           00142         BSF     TXSTA,BRGH
00F9   1683 1303      00143         BANKSEL SPBRG           ;setting up baud rate
00FB   3019           00144         MOVLW   D'25'
Message[302]: Register in operand not in bank 0.  Ensure that bank bits are correct.
00FC   0099           00145         MOVWF   SPBRG
                      00146 ;######################################################################
                      00147         
00FD                  00148 welcome:
00FD   3006           00149         MOVLW   msg0
00FE   2244           00150         CALL    sendmsg
00FF   3003           00151         MOVLW   0x03
0100   00B3           00152         MOVWF   txchk
0101   30C0           00153 WCMF0:  MOVLW   0xC0
0102   227E           00154         CALL    cmd
0103   3010           00155         MOVLW   0x10
0104   00B5           00156         MOVWF   msgptr
0105   30FF           00157 WCMF1:  MOVLW   0xFF
0106   2273           00158         CALL    sendchar
0107   0BB5           00159         DECFSZ  msgptr,F
0108   2905           00160         GOTO    WCMF1
0109   30C0           00161         MOVLW   0xC0
010A   227E           00162         CALL    cmd
010B   3019           00163         MOVLW   0x19
010C   00B5           00164         MOVWF   msgptr
010D   3020           00165 WCMF2:  MOVLW   0x20
010E   2273           00166         CALL    sendchar
010F   0BB5           00167         DECFSZ  msgptr,F
0110   290D           00168         GOTO    WCMF2
0111   0BB3           00169         DECFSZ  txchk,F
0112   2901           00170         GOTO    WCMF0
0113   3001           00171         MOVLW   0x0001  ;clear display
0114   227E           00172         CALL    cmd
                      00173 
MPASM  5.37              CTSPERRORRECOVER.ASM   5-1-2011  9:24:55         PAGE  6


LOC  OBJECT CODE     LINE SOURCE TEXT
  VALUE

0115                  00174 xvoltage:       
0115   2286           00175         CALL    wait
0116   01A2           00176         CLRF    counth
0117                  00177 XVLT4:
0117   01A3           00178         CLRF    countl
0118   01C9           00179         CLRF    highvolt
0119   30FF           00180         MOVLW   0xFF
011A   00C8           00181         MOVWF   lowvolt
011B                  00182 XVLT0:  
011B   22A3           00183         CALL    inf
011C   0827           00184         MOVF    tdatah,W
011D   0249           00185         SUBWF   highvolt,W
011E   1803           00186         BTFSC   bitc
011F   2922           00187         GOTO    XVLT2
0120   0827           00188         MOVF    tdatah,W
0121   00C9           00189         MOVWF   highvolt
0122                  00190 XVLT2:
0122   0848           00191         MOVF    lowvolt,W
0123   0227           00192         SUBWF   tdatah,W
0124   1803           00193         BTFSC   bitc
0125   2928           00194         GOTO    XVLT3
0126   0827           00195         MOVF    tdatah,W
0127   00C8           00196         MOVWF   lowvolt
0128                  00197 XVLT3:
0128   1FA2           00198         BTFSS   counth,7
0129   291B           00199         GOTO    XVLT0
012A   0848           00200         MOVF    lowvolt,W
012B   0249           00201         SUBWF   highvolt,W
012C   00AA           00202         MOVWF   margin
012D   3C10           00203         SUBLW   0x10
012E   1803           00204         BTFSC   bitc
012F   2917           00205         GOTO    XVLT4
0130   1003           00206         BCF     bitc
0131   0CAA           00207         RRF     margin,F
0132   1003           00208         BCF     bitc
0133   0CAA           00209         RRF     margin,F
0134   082A           00210         MOVF    margin,W
0135   0249           00211         SUBWF   highvolt,W
0136   00AA           00212         MOVWF   margin
0137   296B           00213         GOTO    LCDF
                      00214 ;######################################################################
                      00215 
0138                  00216 usartcheck:
0138   01B3           00217         CLRF    txchk
0139   01B4           00218         CLRF    txchk1
013A   17B3           00219         BSF     txchk,7
013B   1734           00220         BSF     txchk1,6
013C                  00221 TXCF2:
013C   1683 1303      00222         BANKSEL TXSTA
Message[302]: Register in operand not in bank 0.  Ensure that bank bits are correct.
013E   1C98           00223         BTFSS   TXSTA,TRMT
013F   2947           00224         GOTO    TXCF1
0140   30FF           00225         MOVLW   0xFF
MPASM  5.37              CTSPERRORRECOVER.ASM   5-1-2011  9:24:55         PAGE  7


LOC  OBJECT CODE     LINE SOURCE TEXT
  VALUE

0141   0099           00226         MOVWF   TXREG
0142   0BB4           00227         DECFSZ  txchk1,F
0143   2947           00228         GOTO    TXCF1
0144   3090           00229         MOVLW   msg6
0145   2244           00230         CALL    sendmsg
0146   294D           00231         GOTO    usartroutine
0147                  00232 TXCF1:
0147   0BB3           00233         DECFSZ  txchk,F
0148   293C           00234         GOTO    TXCF2
0149   1683 1303      00235         BANKSEL TXSTA
Message[302]: Register in operand not in bank 0.  Ensure that bank bits are correct.
014B   1298           00236         BCF     TXSTA,TXEN
014C   296B           00237         GOTO    LCDF
                      00238 
                      00239 ;######################################################################
                      00240 
014D                  00241 usartroutine:
014D   01B3           00242         CLRF    txchk
014E   17B3           00243         BSF     txchk,7
014F                  00244 TXRF0:
014F   1683 1303      00245         BANKSEL TXSTA
Message[302]: Register in operand not in bank 0.  Ensure that bank bits are correct.
0151   1898           00246         BTFSC   TXSTA,TRMT
0152   2959           00247         GOTO    TXRF2
0153   0BB3           00248         DECFSZ  txchk,F
0154   294F           00249         GOTO    TXRF0   
0155   3017           00250         MOVLW   msg1
0156   2244           00251         CALL    sendmsg
0157   2286           00252         CALL    wait
0158   2938           00253         GOTO    usartcheck
0159                  00254 TXRF2:
Message[305]: Using default destination of 1 (file).
0159   08A7           00255         MOVF    tdatah
015A   0099           00256         MOVWF   TXREG
015B   01B3           00257         CLRF    txchk
015C   17B3           00258         BSF     txchk,7
015D                  00259 TXRF1:  
015D   1683 1303      00260         BANKSEL TXSTA
Message[302]: Register in operand not in bank 0.  Ensure that bank bits are correct.
015F   1898           00261         BTFSC   TXSTA,TRMT
0160   2967           00262         GOTO    TXRF3
0161   0BB3           00263         DECFSZ  txchk,F
0162   295D           00264         GOTO    TXRF1   
0163   3017           00265         MOVLW   msg1
0164   2244           00266         CALL    sendmsg
0165   2286           00267         CALL    wait
0166   2938           00268         GOTO    usartcheck
0167                  00269 TXRF3:
Message[305]: Using default destination of 1 (file).
0167   08A8           00270         MOVF    tdatal
0168   0099           00271         MOVWF   TXREG
0169   22A3           00272         CALL    inf
016A   294D           00273         GOTO    usartroutine
MPASM  5.37              CTSPERRORRECOVER.ASM   5-1-2011  9:24:55         PAGE  8


LOC  OBJECT CODE     LINE SOURCE TEXT
  VALUE

                      00274 
                      00275 ;######################################################################
                      00276 
016B                  00277 LCDF:
016B   15A6           00278         BSF     meancount,3
016C   3036           00279         MOVLW   msg2
016D   2244           00280         CALL    sendmsg
016E   01A2           00281         CLRF    counth
016F   01A3           00282         CLRF    countl
                      00283 
0170                  00284 lcdroutine:
0170   14A9           00285         BSF     decerr,1
0171   082A           00286 hpc:    MOVF    margin,W
0172   0227           00287         SUBWF   tdatah,W
0173   1C03           00288         BTFSS   bitc
0174   2981           00289         GOTO    HPCF0
0175   0822           00290         MOVF    counth,W
0176   3C04           00291         SUBLW   0x04
0177   1803           00292         BTFSC   bitc
0178   2985           00293         GOTO    HPCF2
0179   0823           00294         MOVF    countl,W
017A   00A5           00295         MOVWF   tcountl
017B   0822           00296         MOVF    counth,W
017C   00A4           00297         MOVWF   tcounth
017D   01A3           00298         CLRF    countl
017E   01A2           00299         CLRF    counth
017F   22A3           00300         CALL    inf
0180   298E           00301         GOTO    divide
0181   1B22           00302 HPCF0:  BTFSC   counth,6
0182   2985           00303         GOTO    HPCF2
0183   22A3           00304         CALL    inf
0184   2971           00305         GOTO    hpc
0185   01A3           00306 HPCF2:  CLRF    countl
0186   01A2           00307         CLRF    counth
0187   22A3           00308         CALL    inf
0188   0BA9           00309         DECFSZ  decerr,F
0189   2971           00310         GOTO    hpc
018A   306F           00311         MOVLW   msg5
018B   2244           00312         CALL    sendmsg
018C   2286           00313         CALL    wait
018D   2915           00314         GOTO    xvoltage
                      00315 
                      00316 ;######################################################################
                      00317 
018E                  00318 divide: 
018E   3003           00319         MOVLW   0x03
018F   00C6           00320         MOVWF   t8
0190   3093           00321         MOVLW   0x93
0191   00C5           00322         MOVWF   t7
0192   3087           00323         MOVLW   0x87
0193   00C4           00324         MOVWF   t6
0194   01B2           00325         CLRF    m0      
0195   01B1           00326         CLRF    m1
MPASM  5.37              CTSPERRORRECOVER.ASM   5-1-2011  9:24:55         PAGE  9


LOC  OBJECT CODE     LINE SOURCE TEXT
  VALUE

0196   01BE           00327         CLRF    t0
0197   163E           00328         BSF     t0,4
0198   1003           00329 DVLP1:  BCF     STATUS,C
0199   0DB2           00330         RLF     m0,F
019A   0DB1           00331         RLF     m1,F            
019B   0DC4           00332         RLF     t6,F
019C   0DC5           00333         RLF     t7,F
019D   0DC6           00334         RLF     t8,F
019E   0824           00335         MOVF    tcounth,W
019F   0246           00336         SUBWF   t8,W
01A0   1C03           00337         BTFSS   bitc
01A1   29AF           00338         GOTO    DVLP
01A2   1D03           00339         BTFSS   bitz
01A3   29A8           00340         GOTO    DVLP2
01A4   0825           00341         MOVF    tcountl,W
01A5   0245           00342         SUBWF   t7,W
01A6   1C03           00343         BTFSS   bitc
01A7   29AF           00344         GOTO    DVLP
01A8   0825           00345 DVLP2:  MOVF    tcountl,W
01A9   02C5           00346         SUBWF   t7,F
01AA   1C03           00347         BTFSS   bitc
01AB   03C6           00348         DECF    t8,F
01AC   0824           00349         MOVF    tcounth,W
01AD   02C6           00350         SUBWF   t8,F    
01AE   1432           00351         BSF     m0,0
01AF   22A3           00352 DVLP:   CALL    inf
01B0   0BBE           00353         DECFSZ  t0,F
01B1   2998           00354         GOTO    DVLP1
                      00355 ;######################################################################
                      00356 
01B2                  00357 getmean:
01B2   0832           00358         MOVF    m0,W
01B3   07B0           00359         ADDWF   m2,F
01B4   1803           00360         BTFSC   bitc
01B5   0A31           00361         INCF    m1,W
01B6   07AF           00362         ADDWF   m3,F
01B7   0CAF           00363         RRF     m3,F
01B8   0CB0           00364         RRF     m2,F    ;ZZZZZ2
01B9   0830           00365         MOVF    m2,W
01BA   07AE           00366         ADDWF   m4,F
01BB   1803           00367         BTFSC   bitc
01BC   0A2F           00368         INCF    m3,W
01BD   07AD           00369         ADDWF   m5,F
01BE   0CAD           00370         RRF     m5,F
01BF   0CAE           00371         RRF     m4,F    ;ZZZZZ4
01C0   082E           00372         MOVF    m4,W
01C1   07A1           00373         ADDWF   finalmeanf,F
01C2   1803           00374         BTFSC   bitc
01C3   0A2D           00375         INCF    m5,W
01C4   07A0           00376         ADDWF   finalmean,F
01C5   0CA0           00377         RRF     finalmean,F
01C6   0CA1           00378         RRF     finalmeanf,F    ;ZZZZZ8
01C7   0832           00379         MOVF    m0,W
MPASM  5.37              CTSPERRORRECOVER.ASM   5-1-2011  9:24:55         PAGE 10


LOC  OBJECT CODE     LINE SOURCE TEXT
  VALUE

01C8   00B0           00380         MOVWF   m2
01C9   0831           00381         MOVF    m1,W
01CA   00AF           00382         MOVWF   m3
01CB   0830           00383         MOVF    m2,W
01CC   00AE           00384         MOVWF   m4
01CD   082F           00385         MOVF    m3,W
01CE   00AD           00386         MOVWF   m5
01CF   082E           00387         MOVF    m4,W
01D0   00A1           00388         MOVWF   finalmeanf
01D1   082D           00389         MOVF    m5,W
01D2   00A0           00390         MOVWF   finalmean
01D3   0BA6           00391         DECFSZ  meancount,F
01D4   2970           00392         GOTO    lcdroutine
01D5   15A6           00393         BSF     meancount,3
01D6   0820           00394         MOVF    finalmean,W
01D7   3C64           00395         SUBLW   .100
01D8   1C03           00396         BTFSS   bitc
01D9   1506           00397         BSF     bitbuzz
01DA   0820           00398         MOVF    finalmean,W
01DB   3C3C           00399         SUBLW   .60
01DC   1803           00400         BTFSC   bitc
01DD   1506           00401         BSF     bitbuzz
                      00402 
                      00403 ;######################################################################
                      00404 
01DE                  00405 decimals:
01DE   01BF           00406         CLRF    t1
01DF   01BE           00407         CLRF    t0
01E0   0820           00408         MOVF    finalmean,W
01E1   2228           00409         CALL    DECC
01E2   22A3           00410         CALL    inf
01E3   083F           00411         MOVF    t1,W
01E4   00B8           00412         MOVWF   var2
01E5   083E           00413         MOVF    t0,W
01E6   01BF           00414         CLRF    t1
01E7   01BE           00415         CLRF    t0
01E8   2228           00416         CALL    DECC
01E9   22A3           00417         CALL    inf
01EA   083F           00418         MOVF    t1,W
01EB   00B7           00419         MOVWF   var1
01EC   083E           00420         MOVF    t0,W
01ED   00B6           00421         MOVWF   var0
                      00422         
01EE   0103           00423         CLRW            ;dividing stuff here
01EF   1821           00424         BTFSC   finalmeanf,0
01F0   3E09           00425         ADDLW   .9
01F1   18A1           00426         BTFSC   finalmeanf,1
01F2   3E08           00427         ADDLW   .8
01F3   1921           00428         BTFSC   finalmeanf,2
01F4   3E06           00429         ADDLW   .6
01F5   19A1           00430         BTFSC   finalmeanf,3
01F6   3E02           00431         ADDLW   .2
01F7   1A21           00432         BTFSC   finalmeanf,4
MPASM  5.37              CTSPERRORRECOVER.ASM   5-1-2011  9:24:55         PAGE 11


LOC  OBJECT CODE     LINE SOURCE TEXT
  VALUE

01F8   3E05           00433         ADDLW   .5
01F9   3E01           00434         ADDLW   .1
01FA   2228           00435         CALL    DECC
01FB   22A3           00436         CALL    inf
01FC   083E           00437         MOVF    t0,W
01FD   01BE           00438         CLRF    t0              ;&&&&&&&&&&&&&&&
01FE   1821           00439         BTFSC   finalmeanf,0
01FF   3E03           00440         ADDLW   .3
0200   18A1           00441         BTFSC   finalmeanf,1
0201   3E07           00442         ADDLW   .7
0202   1921           00443         BTFSC   finalmeanf,2
0203   3E05           00444         ADDLW   .5
0204   19A1           00445         BTFSC   finalmeanf,3
0205   3E01           00446         ADDLW   .1
0206   1A21           00447         BTFSC   finalmeanf,4
0207   3E02           00448         ADDLW   .2
0208   1AA1           00449         BTFSC   finalmeanf,5
0209   3E05           00450         ADDLW   .5
020A   2228           00451         CALL    DECC
020B   22A3           00452         CALL    inf
020C   083E           00453         MOVF    t0,W
020D   01BE           00454         CLRF    t0              ;&&&&&&&&&&&&&&&
020E   1921           00455         BTFSC   finalmeanf,2
020F   3E01           00456         ADDLW   .1
0210   19A1           00457         BTFSC   finalmeanf,3
0211   3E03           00458         ADDLW   .3
0212   1A21           00459         BTFSC   finalmeanf,4
0213   3E06           00460         ADDLW   .6
0214   1AA1           00461         BTFSC   finalmeanf,5
0215   3E02           00462         ADDLW   .2
0216   1B21           00463         BTFSC   finalmeanf,6
0217   3E05           00464         ADDLW   .5
0218   2228           00465         CALL    DECC
0219   22A3           00466         CALL    inf
021A   083F           00467         MOVF    t1,W
021B   00BB           00468         MOVWF   var5
021C   083E           00469         MOVF    t0,W
021D   01BE           00470         CLRF    t0              ;&&&&&&&&&&&&&&&
021E   01BF           00471         CLRF    t1
021F   1AA1           00472         BTFSC   finalmeanf,5
0220   3E01           00473         ADDLW   .1
0221   1B21           00474         BTFSC   finalmeanf,6
0222   3E02           00475         ADDLW   .2
0223   1BA1           00476         BTFSC   finalmeanf,7
0224   3E05           00477         ADDLW   .5
0225   083F           00478         MOVF    t1,W
0226   00BA           00479         MOVWF   var4
0227   2A2F           00480         GOTO    sendxmsg
0228                  00481 DECC:   
0228   00BF           00482         MOVWF   t1
0229   300A           00483         MOVLW   .10
022A   023F           00484         SUBWF   t1,W
022B   1C03           00485         BTFSS   bitc
MPASM  5.37              CTSPERRORRECOVER.ASM   5-1-2011  9:24:55         PAGE 12


LOC  OBJECT CODE     LINE SOURCE TEXT
  VALUE

022C   0008           00486         RETURN
022D   0ABE           00487         INCF    t0,F
022E   2A28           00488         GOTO    DECC
                      00489 
                      00490 ;######################################################################
                      00491 
022F                  00492 sendxmsg:
022F   3052           00493         MOVLW   msg3
0230   2244           00494         CALL    sendmsg
0231   3041           00495         MOVLW   0x41
0232   225B           00496         CALL    sendvarmsg
                      00497         
0233   0822           00498 lpc:    MOVF    counth,W
0234   3C05           00499         SUBLW   0x05
0235   1803           00500         BTFSC   bitc
0236   2A3F           00501         GOTO    LPCF0
0237   0827           00502         MOVF    tdatah,W
0238   022A           00503         SUBWF   margin,W
0239   1C03           00504         BTFSS   bitc
023A   2A3D           00505         GOTO    LPCF1
023B   22A3           00506         CALL    inf
023C   2970           00507         GOTO    lcdroutine
023D   1BA2           00508 LPCF1:  BTFSC   counth,7
023E   2A41           00509         GOTO    LPCF2
023F   22A3           00510 LPCF0:  CALL    inf
0240   2A33           00511         GOTO    lpc
0241   306F           00512 LPCF2:  MOVLW   msg5
0242   2244           00513         CALL    sendmsg
0243   2915           00514         GOTO    xvoltage                ;end of main routine
                      00515 
                      00516 ;######################################################################
                      00517 
0244                  00518 sendmsg:        
0244   1283 1303      00519         BANKSEL msgptr          ;starting register should loaded to msgptr
0246   00B5           00520         MOVWF   msgptr          ;variable 'tempchar' used to handle a character
0247   3001           00521         MOVLW   0x0001  ;clear display
0248   227E           00522         CALL    cmd
0249   0835           00523 SNMF:   MOVF    msgptr,W                ;'LINEMSGTEMP' function should be initialized near character dat
                            a tables
024A   2005           00524         CALL    LINEMSGTEMP     ;'sendchar' function used to send a character
024B   00BD           00525         MOVWF   tempchar                ;once called lineXsg function whole data table characters send t
                            o LCD
024C   0AB5           00526         INCF    msgptr,F
024D   083D           00527         MOVF    tempchar,W
024E   3A5F           00528         XORLW   0x5F
024F   1903           00529         BTFSC   bitz
0250   2A58           00530         GOTO    NEWLINE
0251   083D           00531         MOVF    tempchar,W      
0252   3A7C           00532         XORLW   0x7C
0253   1903           00533         BTFSC   bitz
0254   0008           00534         RETURN
0255   083D           00535         MOVF    tempchar,W
0256   2273           00536         CALL    sendchar
MPASM  5.37              CTSPERRORRECOVER.ASM   5-1-2011  9:24:55         PAGE 13


LOC  OBJECT CODE     LINE SOURCE TEXT
  VALUE

0257   2A49           00537         GOTO    SNMF
0258                  00538 NEWLINE:
0258   30C0           00539         MOVLW   0x00C0
0259   227E           00540         CALL    cmd
025A   2A49           00541         GOTO    SNMF
                      00542 
                      00543 ;######################################################################
                      00544 
025B                  00545 sendvarmsg:
025B   00BC           00546         MOVWF   lcdptr          ;starting register should loaded to msgptr
025C   3E80           00547         ADDLW   0x80            ;variable 'tempchar' used to handle a character
025D   227E           00548         CALL    cmd             ;'LINEMSGTEMP' function should be initialized near character data tables
025E   0836           00549         MOVF    var0,W          ;'sendchar' function used to send a character
025F   3A00           00550         XORLW   0x00            ;once called lineXsg function whole data table characters send to LCD
0260   1D03           00551         BTFSS   bitz            
0261   3E10           00552         ADDLW   0x10
0262   3E20           00553         ADDLW   0x20
0263   2273           00554         CALL    sendchar
0264   0837           00555         MOVF    var1,W
0265   3E30           00556         ADDLW   0x30    
0266   2273           00557         CALL    sendchar
0267   0838           00558         MOVF    var2,W
0268   3E30           00559         ADDLW   0x30    
0269   2273           00560         CALL    sendchar
026A   302E           00561         MOVLW   A'.'
026B   2273           00562         CALL    sendchar
026C   083A           00563         MOVF    var4,W
026D   3E30           00564         ADDLW   0x30    
026E   2273           00565         CALL    sendchar        
026F   083B           00566         MOVF    var5,W
0270   3E30           00567         ADDLW   0x30    
0271   2273           00568         CALL    sendchar
0272   0008           00569         RETURN
                      00570 
                      00571 ;######################################################################
                      00572 
0273                  00573 sendchar:                       ;send a character to LCD
0273   0088           00574         MOVWF   dataport
0274   0000           00575         NOP
0275   1406           00576         BSF     dataen          ;select data registry
                      00577         signal                  ;signal enable macro
0276   1486               M         BSF     signalen
0277   0000               M         NOP
0278   1086               M         BCF     signalen
0279   0000           00578         NOP
027A   0188           00579         CLRF    dataport        ;make all PORTB outputs low
027B   1006           00580         BCF     dataen          ;select instruction registry
027C   22A3           00581         CALL    inf
027D   0008           00582         RETURN
                      00583 
                      00584 ;######################################################################
                      00585 
027E   0088           00586 cmd:    MOVWF   dataport        ;send command to PORTB
MPASM  5.37              CTSPERRORRECOVER.ASM   5-1-2011  9:24:55         PAGE 14


LOC  OBJECT CODE     LINE SOURCE TEXT
  VALUE

027F   0000           00587         NOP
                      00588         signal                  ;signal enable macro
0280   1486               M         BSF     signalen
0281   0000               M         NOP
0282   1086               M         BCF     signalen
0283   0188           00589         CLRF    dataport        ;make all PORTB outputs low
0284   22A3           00590         CALL    inf
0285   0008           00591         RETURN
                      00592 
                      00593 ;######################################################################
                      00594 
0286   228A           00595 wait:   CALL    delay2s
0287   3001           00596         MOVLW   0x0001  ;clear display
0288   227E           00597         CALL    cmd
0289   0008           00598         RETURN
                      00599 
                      00600 ;######################################################################
                      00601 
028A                  00602 delay2s:
028A   3005           00603         MOVLW   0x0005
028B   00CD           00604         MOVWF   TIME4
028C   0000           00605 DELAY4: NOP
028D   2291           00606         CALL    delay100ms
028E   0BCD           00607         DECFSZ  TIME4,F
028F   2A8C           00608         GOTO    DELAY4
0290   0008           00609         RETURN
0291                  00610 delay100ms:
0291   3005           00611         MOVLW   0x0005
0292   00CC           00612         MOVWF   TIME3
0293   0000           00613 DELAY3: NOP
0294   2298           00614         CALL    delay5ms
0295   0BCC           00615         DECFSZ  TIME3,F
0296   2A93           00616         GOTO    DELAY3
0297   0008           00617         RETURN
0298                  00618 delay5ms:
0298   3005           00619         MOVLW   0x0005
0299   00CB           00620         MOVWF   TIME2
029A   30FA           00621 DELAY2: MOVLW   0x00FA
029B   00CA           00622         MOVWF   TIME1
029C   0000           00623 DELAY1: NOP
029D   0BCA           00624         DECFSZ  TIME1,F
029E   2A9C           00625         GOTO    DELAY1
029F   0000           00626         NOP
02A0   0BCB           00627         DECFSZ  TIME2,F
02A1   2A9A           00628         GOTO    DELAY2
02A2   0008           00629         RETURN
                      00630 
                      00631 ;######################################################################
                      00632 
02A3                  00633 inf:    
02A3   1283 1303      00634         BANKSEL INTCON
02A5   168B           00635         BSF     interren
02A6   0000           00636 madinf: NOP                     ;if interrupt not initialized return
MPASM  5.37              CTSPERRORRECOVER.ASM   5-1-2011  9:24:55         PAGE 15


LOC  OBJECT CODE     LINE SOURCE TEXT
  VALUE

02A7   0000           00637         NOP
02A8   1283 1303      00638         BANKSEL INTCON
02AA   1A8B           00639         BTFSC   interren
02AB   2AA6           00640         GOTO    madinf
02AC   1283           00641         BCF     STATUS,RP0
02AD   1303           00642         BCF     STATUS,RP1
02AE   0008           00643         RETURN
                      00644 
Warning[205]: Found directive in column 1. (END)
                      00645 END
MPASM  5.37              CTSPERRORRECOVER.ASM   5-1-2011  9:24:55         PAGE 16


SYMBOL TABLE
  LABEL                             VALUE 

ACKDT                             00000005
ACKEN                             00000004
ACKSTAT                           00000006
ADCON0                            0000001F
ADCON1                            0000009F
ADCS0                             00000006
ADCS1                             00000007
ADCS2                             00000006
ADDEN                             00000003
ADFM                              00000007
ADIE                              00000006
ADIF                              00000006
ADON                              00000000
ADRESH                            0000001E
ADRESL                            0000009E
BCLIE                             00000003
BCLIF                             00000003
BF                                00000000
BRGH                              00000002
C                                 00000000
C1INV                             00000004
C1OUT                             00000006
C2INV                             00000005
C2OUT                             00000007
CCP1CON                           00000017
CCP1IE                            00000002
CCP1IF                            00000002
CCP1M0                            00000000
CCP1M1                            00000001
CCP1M2                            00000002
CCP1M3                            00000003
CCP1X                             00000005
CCP1Y                             00000004
CCP2CON                           0000001D
CCP2IE                            00000000
CCP2IF                            00000000
CCP2M0                            00000000
CCP2M1                            00000001
CCP2M2                            00000002
CCP2M3                            00000003
CCP2X                             00000005
CCP2Y                             00000004
CCPR1H                            00000016
CCPR1L                            00000015
CCPR2H                            0000001C
CCPR2L                            0000001B
CHS0                              00000003
CHS1                              00000004
CHS2                              00000005
CIS                               00000003
CKE                               00000006
CKP                               00000004
CM0                               00000000
MPASM  5.37              CTSPERRORRECOVER.ASM   5-1-2011  9:24:55         PAGE 17


SYMBOL TABLE
  LABEL                             VALUE 

CM1                               00000001
CM2                               00000002
CMCON                             0000009C
CMIE                              00000006
CMIF                              00000006
CREN                              00000004
CSRC                              00000007
CVR0                              00000000
CVR1                              00000001
CVR2                              00000002
CVR3                              00000003
CVRCON                            0000009D
CVREN                             00000007
CVROE                             00000006
CVRR                              00000005
D                                 00000005
DATA_ADDRESS                      00000005
DC                                00000001
DECC                              00000228
DELAY1                            0000029C
DELAY2                            0000029A
DELAY3                            00000293
DELAY4                            0000028C
DVLP                              000001AF
DVLP1                             00000198
DVLP2                             000001A8
D_A                               00000005
EEADR                             0000010D
EEADRH                            0000010F
EECON1                            0000018C
EECON2                            0000018D
EEDATA                            0000010C
EEDATH                            0000010E
EEIE                              00000004
EEIF                              00000004
EEPGD                             00000007
F                                 00000001
FERR                              00000002
FSR                               00000004
GCEN                              00000007
GIE                               00000007
GO                                00000002
GO_DONE                           00000002
HPCF0                             00000181
HPCF2                             00000185
I2C_DATA                          00000005
I2C_READ                          00000002
I2C_START                         00000003
I2C_STOP                          00000004
IBF                               00000007
IBOV                              00000005
INDF                              00000000
INTCON                            0000000B
MPASM  5.37              CTSPERRORRECOVER.ASM   5-1-2011  9:24:55         PAGE 18


SYMBOL TABLE
  LABEL                             VALUE 

INTE                              00000004
INTEDG                            00000006
INTF                              00000001
IRP                               00000007
LCDF                              0000016B
LINEMSGTEMP                       00000005
LPCF0                             0000023F
LPCF1                             0000023D
LPCF2                             00000241
NEWLINE                           00000258
NOT_A                             00000005
NOT_ADDRESS                       00000005
NOT_BO                            00000000
NOT_BOR                           00000000
NOT_DONE                          00000002
NOT_PD                            00000003
NOT_POR                           00000001
NOT_RBPU                          00000007
NOT_RC8                           00000006
NOT_T1SYNC                        00000002
NOT_TO                            00000004
NOT_TX8                           00000006
NOT_W                             00000002
NOT_WRITE                         00000002
OBF                               00000006
OERR                              00000001
OPTION_REG                        00000081
P                                 00000004
PCFG0                             00000000
PCFG1                             00000001
PCFG2                             00000002
PCFG3                             00000003
PCL                               00000002
PCLATH                            0000000A
PCON                              0000008E
PEIE                              00000006
PEN                               00000002
PIE1                              0000008C
PIE2                              0000008D
PIR1                              0000000C
PIR2                              0000000D
PORTA                             00000005
PORTB                             00000006
PORTC                             00000007
PORTD                             00000008
PORTE                             00000009
PR2                               00000092
PS0                               00000000
PS1                               00000001
PS2                               00000002
PSA                               00000003
PSPIE                             00000007
PSPIF                             00000007
MPASM  5.37              CTSPERRORRECOVER.ASM   5-1-2011  9:24:55         PAGE 19


SYMBOL TABLE
  LABEL                             VALUE 

PSPMODE                           00000004
R                                 00000002
RBIE                              00000003
RBIF                              00000000
RC8_9                             00000006
RC9                               00000006
RCD8                              00000000
RCEN                              00000003
RCIE                              00000005
RCIF                              00000005
RCREG                             0000001A
RCSTA                             00000018
RD                                00000000
READ_WRITE                        00000002
RP0                               00000005
RP1                               00000006
RSEN                              00000001
RX9                               00000006
RX9D                              00000000
R_W                               00000002
S                                 00000003
SEN                               00000000
SMP                               00000007
SNMF                              00000249
SPBRG                             00000099
SPEN                              00000007
SREN                              00000005
SSPADD                            00000093
SSPBUF                            00000013
SSPCON                            00000014
SSPCON2                           00000091
SSPEN                             00000005
SSPIE                             00000003
SSPIF                             00000003
SSPM0                             00000000
SSPM1                             00000001
SSPM2                             00000002
SSPM3                             00000003
SSPOV                             00000006
SSPSTAT                           00000094
STATUS                            00000003
SYNC                              00000004
T0CS                              00000005
T0IE                              00000005
T0IF                              00000002
T0SE                              00000004
T1CKPS0                           00000004
T1CKPS1                           00000005
T1CON                             00000010
T1INSYNC                          00000002
T1OSCEN                           00000003
T1SYNC                            00000002
T2CKPS0                           00000000
MPASM  5.37              CTSPERRORRECOVER.ASM   5-1-2011  9:24:55         PAGE 20


SYMBOL TABLE
  LABEL                             VALUE 

T2CKPS1                           00000001
T2CON                             00000012
TIME1                             0000004A
TIME2                             0000004B
TIME3                             0000004C
TIME4                             0000004D
TMR0                              00000001
TMR0IE                            00000005
TMR0IF                            00000002
TMR1CS                            00000001
TMR1H                             0000000F
TMR1IE                            00000000
TMR1IF                            00000000
TMR1L                             0000000E
TMR1ON                            00000000
TMR2                              00000011
TMR2IE                            00000001
TMR2IF                            00000001
TMR2ON                            00000002
TOUTPS0                           00000003
TOUTPS1                           00000004
TOUTPS2                           00000005
TOUTPS3                           00000006
TRISA                             00000085
TRISB                             00000086
TRISC                             00000087
TRISD                             00000088
TRISE                             00000089
TRISE0                            00000000
TRISE1                            00000001
TRISE2                            00000002
TRMT                              00000001
TX8_9                             00000006
TX9                               00000006
TX9D                              00000000
TXCF1                             00000147
TXCF2                             0000013C
TXD8                              00000000
TXEN                              00000005
TXIE                              00000004
TXIF                              00000004
TXREG                             00000019
TXRF0                             0000014F
TXRF1                             0000015D
TXRF2                             00000159
TXRF3                             00000167
TXSTA                             00000098
UA                                00000001
W                                 00000000
WCMF0                             00000101
WCMF1                             00000105
WCMF2                             0000010D
WCOL                              00000007
MPASM  5.37              CTSPERRORRECOVER.ASM   5-1-2011  9:24:55         PAGE 21


SYMBOL TABLE
  LABEL                             VALUE 

WR                                00000001
WREN                              00000002
WRERR                             00000003
XVLT0                             0000011B
XVLT2                             00000122
XVLT3                             00000128
XVLT4                             00000117
Z                                 00000002
_BODEN_OFF                        00003FBF
_BODEN_ON                         00003FFF
_CPD_OFF                          00003FFF
_CPD_ON                           00003EFF
_CP_ALL                           00001FFF
_CP_OFF                           00003FFF
_DEBUG_OFF                        00003FFF
_DEBUG_ON                         000037FF
_HS_OSC                           00003FFE
_LP_OSC                           00003FFC
_LVP_OFF                          00003F7F
_LVP_ON                           00003FFF
_PWRTE_OFF                        00003FFF
_PWRTE_ON                         00003FF7
_RC_OSC                           00003FFF
_WDT_OFF                          00003FFB
_WDT_ON                           00003FFF
_WRT_1FOURTH                      00003BFF
_WRT_256                          00003DFF
_WRT_HALF                         000039FF
_WRT_OFF                          00003FFF
_XT_OSC                           00003FFD
__16F877A                         00000001
adinit                            000000DB
bitbuzz                           PORTB,2
bitc                              STATUS,C
bitz                              STATUS,Z
cmd                               0000027E
counth                            00000022
countl                            00000023
dataen                            PORTB,0
dataport                          PORTD
decerr                            00000029
decimals                          000001DE
delay100ms                        00000291
delay2s                           0000028A
delay5ms                          00000298
divide                            0000018E
finalmean                         00000020
finalmeanf                        00000021
getmean                           000001B2
highvolt                          00000049
hpc                               00000171
inf                               000002A3
interren                          INTCON,T0IE
MPASM  5.37              CTSPERRORRECOVER.ASM   5-1-2011  9:24:55         PAGE 22


SYMBOL TABLE
  LABEL                             VALUE 

interrupt                         000000AD
lcdinit                           000000E3
lcdptr                            0000003C
lcdroutine                        00000170
lowvolt                           00000048
lpc                               00000233
m0                                00000032
m1                                00000031
m2                                00000030
m3                                0000002F
m4                                0000002E
m5                                0000002D
m6                                0000002C
m7                                0000002B
madinf                            000002A6
main                              000000C6
margin                            0000002A
meancount                         00000026
msg0                              00000006
msg1                              00000017
msg2                              00000036
msg3                              00000052
msg5                              0000006F
msg6                              00000090
msgptr                            00000035
sendchar                          00000273
sendmsg                           00000244
sendvarmsg                        0000025B
sendxmsg                          0000022F
signal                            
signalen                          PORTB,1
t0                                0000003E
t1                                0000003F
t2                                00000040
t3                                00000041
t4                                00000042
t5                                00000043
t6                                00000044
t7                                00000045
t8                                00000046
t9                                00000047
tcounth                           00000024
tcountl                           00000025
tdatah                            00000027
tdatal                            00000028
tempchar                          0000003D
timerinit                         000000D3
txchk                             00000033
txchk1                            00000034
usartcheck                        00000138
usartinit                         000000F2
usartroutine                      0000014D
var0                              00000036
MPASM  5.37              CTSPERRORRECOVER.ASM   5-1-2011  9:24:55         PAGE 23


SYMBOL TABLE
  LABEL                             VALUE 

var1                              00000037
var2                              00000038
var3                              00000039
var4                              0000003A
var5                              0000003B
wait                              00000286
welcome                           000000FD
xvoltage                          00000115


MEMORY USAGE MAP ('X' = Used,  '-' = Unused)

0000 : X---XXXXXXXXXXXX XXXXXXXXXXXXXXXX XXXXXXXXXXXXXXXX XXXXXXXXXXXXXXXX
0040 : XXXXXXXXXXXXXXXX XXXXXXXXXXXXXXXX XXXXXXXXXXXXXXXX XXXXXXXXXXXXXXXX
0080 : XXXXXXXXXXXXXXXX XXXXXXXXXXXXXXXX XXXXXXXXXXXXXXXX XXXXXXXXXXXXXXXX
00C0 : XXXXXXXXXXXXXXXX XXXXXXXXXXXXXXXX XXXXXXXXXXXXXXXX XXXXXXXXXXXXXXXX
0100 : XXXXXXXXXXXXXXXX XXXXXXXXXXXXXXXX XXXXXXXXXXXXXXXX XXXXXXXXXXXXXXXX
0140 : XXXXXXXXXXXXXXXX XXXXXXXXXXXXXXXX XXXXXXXXXXXXXXXX XXXXXXXXXXXXXXXX
0180 : XXXXXXXXXXXXXXXX XXXXXXXXXXXXXXXX XXXXXXXXXXXXXXXX XXXXXXXXXXXXXXXX
01C0 : XXXXXXXXXXXXXXXX XXXXXXXXXXXXXXXX XXXXXXXXXXXXXXXX XXXXXXXXXXXXXXXX
0200 : XXXXXXXXXXXXXXXX XXXXXXXXXXXXXXXX XXXXXXXXXXXXXXXX XXXXXXXXXXXXXXXX
0240 : XXXXXXXXXXXXXXXX XXXXXXXXXXXXXXXX XXXXXXXXXXXXXXXX XXXXXXXXXXXXXXXX
0280 : XXXXXXXXXXXXXXXX XXXXXXXXXXXXXXXX XXXXXXXXXXXXXXX- ----------------
2000 : -------X-------- ---------------- ---------------- ----------------

All other memory blocks unused.

Program Memory Words Used:   684
Program Memory Words Free:  7508


Errors   :     0
Warnings :    27 reported,     0 suppressed
Messages :    17 reported,     0 suppressed

