Warning[205] E:\ASSEMBLY\APX\PROJECTX.ASM 8 : Found directive in column 1. (LIST)
Warning[205] E:\ASSEMBLY\APX\PROJECTX.ASM 11 : Found directive in column 1. (__config)
Warning[205] E:\ASSEMBLY\APX\PROJECTX.ASM 23 : Found directive in column 1. (cblock)
Warning[205] E:\ASSEMBLY\APX\PROJECTX.ASM 39 : Found directive in column 1. (ENDC)
Warning[205] E:\ASSEMBLY\APX\PROJECTX.ASM 55 : Found directive in column 1. (ORG)
Warning[203] E:\ASSEMBLY\APX\PROJECTX.ASM 56 : Found opcode in column 1. (GOTO)
Warning[205] E:\ASSEMBLY\APX\PROJECTX.ASM 57 : Found directive in column 1. (ORG)
Warning[203] E:\ASSEMBLY\APX\PROJECTX.ASM 58 : Found opcode in column 1. (GOTO)
Warning[203] E:\ASSEMBLY\APX\PROJECTX.ASM 73 : Found opcode in column 1. (MOVLW)
Warning[203] E:\ASSEMBLY\APX\PROJECTX.ASM 74 : Found opcode in column 1. (MOVWF)
Warning[205] E:\ASSEMBLY\APX\PROJECTX.ASM 75 : Found directive in column 1. (BANKSEL)
Warning[203] E:\ASSEMBLY\APX\PROJECTX.ASM 76 : Found opcode in column 1. (BCF)
Warning[205] E:\ASSEMBLY\APX\PROJECTX.ASM 77 : Found directive in column 1. (BANKSEL)
Warning[203] E:\ASSEMBLY\APX\PROJECTX.ASM 78 : Found opcode in column 1. (BCF)
Warning[205] E:\ASSEMBLY\APX\PROJECTX.ASM 79 : Found directive in column 1. (BANKSEL)
Warning[203] E:\ASSEMBLY\APX\PROJECTX.ASM 80 : Found opcode in column 1. (BCF)
Warning[205] E:\ASSEMBLY\APX\PROJECTX.ASM 81 : Found directive in column 1. (BANKSEL)
Warning[203] E:\ASSEMBLY\APX\PROJECTX.ASM 82 : Found opcode in column 1. (MOVF)
Warning[203] E:\ASSEMBLY\APX\PROJECTX.ASM 83 : Found opcode in column 1. (MOVWF)
Warning[205] E:\ASSEMBLY\APX\PROJECTX.ASM 84 : Found directive in column 1. (BANKSEL)
Warning[203] E:\ASSEMBLY\APX\PROJECTX.ASM 85 : Found opcode in column 1. (MOVF)
Message[302] E:\ASSEMBLY\APX\PROJECTX.ASM 85 : Register in operand not in bank 0.  Ensure that bank bits are correct.
Warning[203] E:\ASSEMBLY\APX\PROJECTX.ASM 86 : Found opcode in column 1. (MOVWF)
Warning[205] E:\ASSEMBLY\APX\PROJECTX.ASM 87 : Found directive in column 1. (BANKSEL)
Warning[203] E:\ASSEMBLY\APX\PROJECTX.ASM 88 : Found opcode in column 1. (BSF)
Warning[203] E:\ASSEMBLY\APX\PROJECTX.ASM 89 : Found opcode in column 1. (INCFSZ)
Warning[203] E:\ASSEMBLY\APX\PROJECTX.ASM 90 : Found opcode in column 1. (RETURN)
Warning[203] E:\ASSEMBLY\APX\PROJECTX.ASM 91 : Found opcode in column 1. (INCF)
Warning[203] E:\ASSEMBLY\APX\PROJECTX.ASM 92 : Found opcode in column 1. (RETURN)
Message[302] E:\ASSEMBLY\APX\PROJECTX.ASM 99 : Register in operand not in bank 0.  Ensure that bank bits are correct.
Message[302] E:\ASSEMBLY\APX\PROJECTX.ASM 100 : Register in operand not in bank 0.  Ensure that bank bits are correct.
Message[302] E:\ASSEMBLY\APX\PROJECTX.ASM 101 : Register in operand not in bank 0.  Ensure that bank bits are correct.
Message[302] E:\ASSEMBLY\APX\PROJECTX.ASM 106 : Register in operand not in bank 0.  Ensure that bank bits are correct.
Message[302] E:\ASSEMBLY\APX\PROJECTX.ASM 107 : Register in operand not in bank 0.  Ensure that bank bits are correct.
Message[302] E:\ASSEMBLY\APX\PROJECTX.ASM 115 : Register in operand not in bank 0.  Ensure that bank bits are correct.
Message[302] E:\ASSEMBLY\APX\PROJECTX.ASM 120 : Register in operand not in bank 0.  Ensure that bank bits are correct.
Message[302] E:\ASSEMBLY\APX\PROJECTX.ASM 145 : Register in operand not in bank 0.  Ensure that bank bits are correct.
Message[302] E:\ASSEMBLY\APX\PROJECTX.ASM 146 : Register in operand not in bank 0.  Ensure that bank bits are correct.
Message[302] E:\ASSEMBLY\APX\PROJECTX.ASM 149 : Register in operand not in bank 0.  Ensure that bank bits are correct.
Message[302] E:\ASSEMBLY\APX\PROJECTX.ASM 223 : Register in operand not in bank 0.  Ensure that bank bits are correct.
Message[302] E:\ASSEMBLY\APX\PROJECTX.ASM 236 : Register in operand not in bank 0.  Ensure that bank bits are correct.
Message[302] E:\ASSEMBLY\APX\PROJECTX.ASM 246 : Register in operand not in bank 0.  Ensure that bank bits are correct.
Message[305] E:\ASSEMBLY\APX\PROJECTX.ASM 254 : Using default destination of 1 (file).
Message[302] E:\ASSEMBLY\APX\PROJECTX.ASM 260 : Register in operand not in bank 0.  Ensure that bank bits are correct.
Message[305] E:\ASSEMBLY\APX\PROJECTX.ASM 268 : Using default destination of 1 (file).
Warning[205] E:\ASSEMBLY\APX\PROJECTX.ASM 597 : Found directive in column 1. (END)
